<?xml version="1.0" encoding="UTF-8"?>
<testsuites name="jest tests" tests="2" failures="0" time="1.23">
  <testsuite name="List tests" errors="0" failures="0" skipped="0" timestamp="2023-04-11T10:44:16" time="0.854" tests="2">
    <testcase classname="List tests" name="Poprawnie wyświetla licznik w H1" time="0.015">
    </testcase>
    <testcase classname="List tests" name="Poprawnie wyświetla Boom! w H1" time="0.001">
    </testcase>
  </testsuite>
</testsuites>